<?xml version="1.0" encoding="UTF-8"?>
<testng-results skipped="0" failed="1" ignored="0" total="17" passed="16">
  <reporter-output>
  </reporter-output>
  <suite name="Default suite" duration-ms="38752" started-at="2020-04-20T09:26:02Z" finished-at="2020-04-20T09:26:41Z">
    <groups>
    </groups>
    <test name="Default test" duration-ms="38752" started-at="2020-04-20T09:26:02Z" finished-at="2020-04-20T09:26:41Z">
      <class name="com.testcases.Regressiontest">
        <test-method status="PASS" signature="TC_001()[pri:1, instance:com.testcases.Regressiontest@15b204a1]" name="TC_001" duration-ms="4911" started-at="2020-04-20T09:26:02Z" finished-at="2020-04-20T09:26:07Z">
          <reporter-output>
          </reporter-output>
        </test-method> <!-- TC_001 -->
        <test-method status="PASS" signature="TC_002()[pri:2, instance:com.testcases.Regressiontest@15b204a1]" name="TC_002" duration-ms="3742" started-at="2020-04-20T09:26:07Z" finished-at="2020-04-20T09:26:11Z">
          <reporter-output>
          </reporter-output>
        </test-method> <!-- TC_002 -->
        <test-method status="PASS" signature="TC_003()[pri:3, instance:com.testcases.Regressiontest@15b204a1]" name="TC_003" duration-ms="19" started-at="2020-04-20T09:26:11Z" finished-at="2020-04-20T09:26:11Z">
          <reporter-output>
          </reporter-output>
        </test-method> <!-- TC_003 -->
        <test-method status="PASS" signature="TC_004()[pri:4, instance:com.testcases.Regressiontest@15b204a1]" name="TC_004" duration-ms="1328" started-at="2020-04-20T09:26:11Z" finished-at="2020-04-20T09:26:12Z">
          <reporter-output>
          </reporter-output>
        </test-method> <!-- TC_004 -->
        <test-method status="PASS" signature="TC_005()[pri:5, instance:com.testcases.Regressiontest@15b204a1]" name="TC_005" duration-ms="3383" started-at="2020-04-20T09:26:12Z" finished-at="2020-04-20T09:26:16Z">
          <reporter-output>
          </reporter-output>
        </test-method> <!-- TC_005 -->
        <test-method status="PASS" signature="TC_006()[pri:6, instance:com.testcases.Regressiontest@15b204a1]" name="TC_006" duration-ms="928" started-at="2020-04-20T09:26:16Z" finished-at="2020-04-20T09:26:17Z">
          <reporter-output>
          </reporter-output>
        </test-method> <!-- TC_006 -->
        <test-method status="PASS" signature="TC_007()[pri:7, instance:com.testcases.Regressiontest@15b204a1]" name="TC_007" duration-ms="61" started-at="2020-04-20T09:26:17Z" finished-at="2020-04-20T09:26:17Z">
          <reporter-output>
          </reporter-output>
        </test-method> <!-- TC_007 -->
        <test-method status="PASS" signature="TC_008()[pri:8, instance:com.testcases.Regressiontest@15b204a1]" name="TC_008" duration-ms="405" started-at="2020-04-20T09:26:17Z" finished-at="2020-04-20T09:26:17Z">
          <reporter-output>
          </reporter-output>
        </test-method> <!-- TC_008 -->
        <test-method status="PASS" signature="TC_010()[pri:10, instance:com.testcases.Regressiontest@15b204a1]" name="TC_010" duration-ms="710" started-at="2020-04-20T09:26:17Z" finished-at="2020-04-20T09:26:18Z">
          <reporter-output>
          </reporter-output>
        </test-method> <!-- TC_010 -->
        <test-method status="PASS" signature="TC_011()[pri:11, instance:com.testcases.Regressiontest@15b204a1]" name="TC_011" duration-ms="672" started-at="2020-04-20T09:26:18Z" finished-at="2020-04-20T09:26:18Z">
          <reporter-output>
          </reporter-output>
        </test-method> <!-- TC_011 -->
        <test-method status="PASS" signature="TC_012()[pri:12, instance:com.testcases.Regressiontest@15b204a1]" name="TC_012" duration-ms="1138" started-at="2020-04-20T09:26:18Z" finished-at="2020-04-20T09:26:20Z">
          <reporter-output>
          </reporter-output>
        </test-method> <!-- TC_012 -->
        <test-method status="PASS" signature="TC_013()[pri:13, instance:com.testcases.Regressiontest@15b204a1]" name="TC_013" duration-ms="1848" started-at="2020-04-20T09:26:20Z" finished-at="2020-04-20T09:26:21Z">
          <reporter-output>
          </reporter-output>
        </test-method> <!-- TC_013 -->
        <test-method status="PASS" signature="TC_014()[pri:14, instance:com.testcases.Regressiontest@15b204a1]" name="TC_014" duration-ms="11979" started-at="2020-04-20T09:26:21Z" finished-at="2020-04-20T09:26:33Z">
          <reporter-output>
          </reporter-output>
        </test-method> <!-- TC_014 -->
        <test-method status="PASS" signature="TC_015()[pri:15, instance:com.testcases.Regressiontest@15b204a1]" name="TC_015" duration-ms="2788" started-at="2020-04-20T09:26:33Z" finished-at="2020-04-20T09:26:36Z">
          <reporter-output>
          </reporter-output>
        </test-method> <!-- TC_015 -->
        <test-method status="FAIL" signature="tc_016()[pri:16, instance:com.testcases.Regressiontest@15b204a1]" name="tc_016" duration-ms="6" started-at="2020-04-20T09:26:36Z" finished-at="2020-04-20T09:26:36Z">
          <exception class="java.lang.AssertionError">
            <message>
              <![CDATA[expected [true] but found [false]]]>
            </message>
            <full-stacktrace>
              <![CDATA[java.lang.AssertionError: expected [true] but found [false]
at org.testng.Assert.fail(Assert.java:96)
at org.testng.Assert.failNotEquals(Assert.java:776)
at org.testng.Assert.assertEqualsImpl(Assert.java:137)
at org.testng.Assert.assertEquals(Assert.java:118)
at org.testng.Assert.assertEquals(Assert.java:568)
at org.testng.Assert.assertEquals(Assert.java:578)
at com.testcases.Regressiontest.tc_016(Regressiontest.java:196)
at sun.reflect.NativeMethodAccessorImpl.invoke0(Native Method)
at sun.reflect.NativeMethodAccessorImpl.invoke(NativeMethodAccessorImpl.java:62)
at sun.reflect.DelegatingMethodAccessorImpl.invoke(DelegatingMethodAccessorImpl.java:43)
at java.lang.reflect.Method.invoke(Method.java:498)
at org.testng.internal.MethodInvocationHelper.invokeMethod(MethodInvocationHelper.java:124)
at org.testng.internal.Invoker.invokeMethod(Invoker.java:583)
at org.testng.internal.Invoker.invokeTestMethod(Invoker.java:719)
at org.testng.internal.Invoker.invokeTestMethods(Invoker.java:989)
at org.testng.internal.TestMethodWorker.invokeTestMethods(TestMethodWorker.java:125)
at org.testng.internal.TestMethodWorker.run(TestMethodWorker.java:109)
at org.testng.TestRunner.privateRun(TestRunner.java:648)
at org.testng.TestRunner.run(TestRunner.java:505)
at org.testng.SuiteRunner.runTest(SuiteRunner.java:455)
at org.testng.SuiteRunner.runSequentially(SuiteRunner.java:450)
at org.testng.SuiteRunner.privateRun(SuiteRunner.java:415)
at org.testng.SuiteRunner.run(SuiteRunner.java:364)
at org.testng.SuiteRunnerWorker.runSuite(SuiteRunnerWorker.java:52)
at org.testng.SuiteRunnerWorker.run(SuiteRunnerWorker.java:84)
at org.testng.TestNG.runSuitesSequentially(TestNG.java:1208)
at org.testng.TestNG.runSuitesLocally(TestNG.java:1137)
at org.testng.TestNG.runSuites(TestNG.java:1049)
at org.testng.TestNG.run(TestNG.java:1017)
at org.testng.remote.AbstractRemoteTestNG.run(AbstractRemoteTestNG.java:115)
at org.testng.remote.RemoteTestNG.initAndRun(RemoteTestNG.java:251)
at org.testng.remote.RemoteTestNG.main(RemoteTestNG.java:77)
]]>
            </full-stacktrace>
          </exception> <!-- java.lang.AssertionError -->
          <reporter-output>
          </reporter-output>
        </test-method> <!-- tc_016 -->
        <test-method status="PASS" signature="TC_017()[pri:17, instance:com.testcases.Regressiontest@15b204a1]" name="TC_017" duration-ms="4193" started-at="2020-04-20T09:26:36Z" finished-at="2020-04-20T09:26:40Z">
          <reporter-output>
          </reporter-output>
        </test-method> <!-- TC_017 -->
        <test-method status="PASS" signature="TC_018()[pri:18, instance:com.testcases.Regressiontest@15b204a1]" name="TC_018" duration-ms="574" started-at="2020-04-20T09:26:40Z" finished-at="2020-04-20T09:26:41Z">
          <reporter-output>
          </reporter-output>
        </test-method> <!-- TC_018 -->
      </class> <!-- com.testcases.Regressiontest -->
    </test> <!-- Default test -->
  </suite> <!-- Default suite -->
</testng-results>
