<?xml version="1.0" encoding="UTF-8"?>
<!-- Generated by org.testng.reporters.JUnitReportReporter -->
<testsuite skipped="0" hostname="LAPTOP-PATGFM90" name="com.testcases.Regressiontest" tests="17" failures="1" timestamp="20 Apr 2020 09:26:41 GMT" time="38.685" errors="0">
  <testcase name="TC_001" time="4.911" classname="com.testcases.Regressiontest"/>
  <testcase name="TC_002" time="3.742" classname="com.testcases.Regressiontest"/>
  <testcase name="TC_003" time="0.019" classname="com.testcases.Regressiontest"/>
  <testcase name="TC_004" time="1.328" classname="com.testcases.Regressiontest"/>
  <testcase name="TC_005" time="3.383" classname="com.testcases.Regressiontest"/>
  <testcase name="TC_006" time="0.928" classname="com.testcases.Regressiontest"/>
  <testcase name="TC_007" time="0.061" classname="com.testcases.Regressiontest"/>
  <testcase name="TC_008" time="0.405" classname="com.testcases.Regressiontest"/>
  <testcase name="TC_010" time="0.710" classname="com.testcases.Regressiontest"/>
  <testcase name="TC_011" time="0.672" classname="com.testcases.Regressiontest"/>
  <testcase name="TC_012" time="1.138" classname="com.testcases.Regressiontest"/>
  <testcase name="TC_013" time="1.848" classname="com.testcases.Regressiontest"/>
  <testcase name="TC_014" time="11.979" classname="com.testcases.Regressiontest"/>
  <testcase name="TC_015" time="2.788" classname="com.testcases.Regressiontest"/>
  <testcase name="tc_016" time="0.006" classname="com.testcases.Regressiontest">
    <failure type="java.lang.AssertionError" message="expected [true] but found [false]">
      <![CDATA[java.lang.AssertionError: expected [true] but found [false]
at org.testng.Assert.fail(Assert.java:96)
at org.testng.Assert.failNotEquals(Assert.java:776)
at org.testng.Assert.assertEqualsImpl(Assert.java:137)
at org.testng.Assert.assertEquals(Assert.java:118)
at org.testng.Assert.assertEquals(Assert.java:568)
at org.testng.Assert.assertEquals(Assert.java:578)
at com.testcases.Regressiontest.tc_016(Regressiontest.java:196)
at sun.reflect.NativeMethodAccessorImpl.invoke0(Native Method)
at sun.reflect.NativeMethodAccessorImpl.invoke(NativeMethodAccessorImpl.java:62)
at sun.reflect.DelegatingMethodAccessorImpl.invoke(DelegatingMethodAccessorImpl.java:43)
at java.lang.reflect.Method.invoke(Method.java:498)
at org.testng.internal.MethodInvocationHelper.invokeMethod(MethodInvocationHelper.java:124)
at org.testng.internal.Invoker.invokeMethod(Invoker.java:583)
at org.testng.internal.Invoker.invokeTestMethod(Invoker.java:719)
at org.testng.internal.Invoker.invokeTestMethods(Invoker.java:989)
at org.testng.internal.TestMethodWorker.invokeTestMethods(TestMethodWorker.java:125)
at org.testng.internal.TestMethodWorker.run(TestMethodWorker.java:109)
at org.testng.TestRunner.privateRun(TestRunner.java:648)
at org.testng.TestRunner.run(TestRunner.java:505)
at org.testng.SuiteRunner.runTest(SuiteRunner.java:455)
at org.testng.SuiteRunner.runSequentially(SuiteRunner.java:450)
at org.testng.SuiteRunner.privateRun(SuiteRunner.java:415)
at org.testng.SuiteRunner.run(SuiteRunner.java:364)
at org.testng.SuiteRunnerWorker.runSuite(SuiteRunnerWorker.java:52)
at org.testng.SuiteRunnerWorker.run(SuiteRunnerWorker.java:84)
at org.testng.TestNG.runSuitesSequentially(TestNG.java:1208)
at org.testng.TestNG.runSuitesLocally(TestNG.java:1137)
at org.testng.TestNG.runSuites(TestNG.java:1049)
at org.testng.TestNG.run(TestNG.java:1017)
at org.testng.remote.AbstractRemoteTestNG.run(AbstractRemoteTestNG.java:115)
at org.testng.remote.RemoteTestNG.initAndRun(RemoteTestNG.java:251)
at org.testng.remote.RemoteTestNG.main(RemoteTestNG.java:77)
]]>
    </failure>
  </testcase> <!-- tc_016 -->
  <testcase name="TC_017" time="4.193" classname="com.testcases.Regressiontest"/>
  <testcase name="TC_018" time="0.574" classname="com.testcases.Regressiontest"/>
</testsuite> <!-- com.testcases.Regressiontest -->
